Using pre-set license
Built from '2022.3/staging' branch; Version is '2022.3.3f1 (7cdc2969a641) revision 8182825'; Using compiler version '192829333'; Build Type 'Release'
OS: 'Windows 11  (10.0.22622) 64bit Professional' Language: 'pt' Physical Memory: 16329 MB
BatchMode: 1, IsHumanControllingUs: 0, StartBugReporterOnCrash: 0, Is64bit: 1, IsPro: 1

COMMAND LINE ARGUMENTS:
E:\Unity Editor\2022.3.3f1\Editor\Unity.exe
-adb2
-batchMode
-noUpm
-name
AssetImportWorker1
-projectPath
E:/cursos/Unity/apocalipse-zumbi-alura
-logFile
Logs/AssetImportWorker1.log
-srvPort
59086
Successfully changed project path to: E:/cursos/Unity/apocalipse-zumbi-alura
E:/cursos/Unity/apocalipse-zumbi-alura
[UnityMemory] Configuration Parameters - Can be set up in boot.config
    "memorysetup-bucket-allocator-granularity=16"
    "memorysetup-bucket-allocator-bucket-count=8"
    "memorysetup-bucket-allocator-block-size=33554432"
    "memorysetup-bucket-allocator-block-count=8"
    "memorysetup-main-allocator-block-size=16777216"
    "memorysetup-thread-allocator-block-size=16777216"
    "memorysetup-gfx-main-allocator-block-size=16777216"
    "memorysetup-gfx-thread-allocator-block-size=16777216"
    "memorysetup-cache-allocator-block-size=4194304"
    "memorysetup-typetree-allocator-block-size=2097152"
    "memorysetup-profiler-bucket-allocator-granularity=16"
    "memorysetup-profiler-bucket-allocator-bucket-count=8"
    "memorysetup-profiler-bucket-allocator-block-size=33554432"
    "memorysetup-profiler-bucket-allocator-block-count=8"
    "memorysetup-profiler-allocator-block-size=16777216"
    "memorysetup-profiler-editor-allocator-block-size=1048576"
    "memorysetup-temp-allocator-size-main=16777216"
    "memorysetup-job-temp-allocator-block-size=2097152"
    "memorysetup-job-temp-allocator-block-size-background=1048576"
    "memorysetup-job-temp-allocator-reduction-small-platforms=262144"
    "memorysetup-allocator-temp-initial-block-size-main=262144"
    "memorysetup-allocator-temp-initial-block-size-worker=262144"
    "memorysetup-temp-allocator-size-background-worker=32768"
    "memorysetup-temp-allocator-size-job-worker=262144"
    "memorysetup-temp-allocator-size-preload-manager=33554432"
    "memorysetup-temp-allocator-size-nav-mesh-worker=65536"
    "memorysetup-temp-allocator-size-audio-worker=65536"
    "memorysetup-temp-allocator-size-cloud-worker=32768"
    "memorysetup-temp-allocator-size-gi-baking-worker=262144"
    "memorysetup-temp-allocator-size-gfx=262144"
Player connection [18272] Host "[IP] 192.168.15.48 [Port] 0 [Flags] 2 [Guid] 869026991 [EditorId] 869026991 [Version] 1048832 [Id] WindowsEditor(7,Allan-Desktop) [Debug] 1 [PackageName] WindowsEditor [ProjectName] Editor" joined multi-casting on [225.0.0.222:54997]...

Player connection [18272] Host "[IP] 192.168.15.48 [Port] 0 [Flags] 2 [Guid] 869026991 [EditorId] 869026991 [Version] 1048832 [Id] WindowsEditor(7,Allan-Desktop) [Debug] 1 [PackageName] WindowsEditor [ProjectName] Editor" joined alternative multi-casting on [225.0.0.222:34997]...

Refreshing native plugins compatible for Editor in 0.00 ms, found 0 plugins.
Preloading 0 native plugins for Editor in 0.00 ms.
Initialize engine version: 2022.3.3f1 (7cdc2969a641)
[Subsystems] Discovering subsystems at path E:/Unity Editor/2022.3.3f1/Editor/Data/Resources/UnitySubsystems
[Subsystems] Discovering subsystems at path E:/cursos/Unity/apocalipse-zumbi-alura/Assets
GfxDevice: creating device client; threaded=0; jobified=0
Direct3D:
    Version:  Direct3D 11.0 [level 11.1]
    Renderer: NVIDIA GeForce GTX 1050 Ti (ID=0x1c82)
    Vendor:   NVIDIA
    VRAM:     4017 MB
    Driver:   31.0.15.3623
Initialize mono
Mono path[0] = 'E:/Unity Editor/2022.3.3f1/Editor/Data/Managed'
Mono path[1] = 'E:/Unity Editor/2022.3.3f1/Editor/Data/MonoBleedingEdge/lib/mono/unityjit-win32'
Mono config path = 'E:/Unity Editor/2022.3.3f1/Editor/Data/MonoBleedingEdge/etc'
Using monoOptions --debugger-agent=transport=dt_socket,embedding=1,server=y,suspend=n,address=127.0.0.1:56096
Begin MonoManager ReloadAssembly
Registering precompiled unity dll's ...
Register platform support module: E:/Unity Editor/2022.3.3f1/Editor/Data/PlaybackEngines/WebGLSupport/UnityEditor.WebGL.Extensions.dll
Register platform support module: E:/Unity Editor/2022.3.3f1/Editor/Data/PlaybackEngines/WindowsStandaloneSupport/UnityEditor.WindowsStandalone.Extensions.dll
Registered in 0.006309 seconds.
- Loaded All Assemblies, in  0.407 seconds
Native extension for WindowsStandalone target not found
Native extension for WebGL target not found
Mono: successfully reloaded assembly
- Finished resetting the current domain, in  0.287 seconds
Domain Reload Profiling: 693ms
	BeginReloadAssembly (140ms)
		ExecutionOrderSort (0ms)
		DisableScriptedObjects (0ms)
		BackupInstance (0ms)
		ReleaseScriptingObjects (0ms)
		CreateAndSetChildDomain (1ms)
	RebuildCommonClasses (41ms)
	RebuildNativeTypeToScriptingClass (14ms)
	initialDomainReloadingComplete (56ms)
	LoadAllAssembliesAndSetupDomain (155ms)
		LoadAssemblies (140ms)
		RebuildTransferFunctionScriptingTraits (0ms)
		AnalyzeDomain (150ms)
			TypeCache.Refresh (149ms)
				TypeCache.ScanAssembly (135ms)
			ScanForSourceGeneratedMonoScriptInfo (0ms)
			ResolveRequiredComponents (0ms)
	FinalizeReload (287ms)
		ReleaseScriptCaches (0ms)
		RebuildScriptCaches (0ms)
		SetupLoadedEditorAssemblies (221ms)
			LogAssemblyErrors (0ms)
			InitializePlatformSupportModulesInManaged (8ms)
			SetLoadedEditorAssemblies (7ms)
			RefreshPlugins (0ms)
			BeforeProcessingInitializeOnLoad (3ms)
			ProcessInitializeOnLoadAttributes (150ms)
			ProcessInitializeOnLoadMethodAttributes (54ms)
			AfterProcessingInitializeOnLoad (0ms)
			EditorAssembliesLoaded (0ms)
		ExecutionOrderSort2 (0ms)
		AwakeInstancesAfterBackupRestoration (0ms)
========================================================================
Worker process is ready to serve import requests
Begin MonoManager ReloadAssembly
- Loaded All Assemblies, in  0.392 seconds
Refreshing native plugins compatible for Editor in 0.00 ms, found 0 plugins.
Native extension for WindowsStandalone target not found
Native extension for WebGL target not found
Mono: successfully reloaded assembly
- Finished resetting the current domain, in  0.331 seconds
Domain Reload Profiling: 723ms
	BeginReloadAssembly (174ms)
		ExecutionOrderSort (0ms)
		DisableScriptedObjects (6ms)
		BackupInstance (0ms)
		ReleaseScriptingObjects (0ms)
		CreateAndSetChildDomain (23ms)
	RebuildCommonClasses (36ms)
	RebuildNativeTypeToScriptingClass (11ms)
	initialDomainReloadingComplete (20ms)
	LoadAllAssembliesAndSetupDomain (150ms)
		LoadAssemblies (111ms)
		RebuildTransferFunctionScriptingTraits (0ms)
		AnalyzeDomain (146ms)
			TypeCache.Refresh (145ms)
				TypeCache.ScanAssembly (135ms)
			ScanForSourceGeneratedMonoScriptInfo (0ms)
			ResolveRequiredComponents (0ms)
	FinalizeReload (332ms)
		ReleaseScriptCaches (0ms)
		RebuildScriptCaches (0ms)
		SetupLoadedEditorAssemblies (189ms)
			LogAssemblyErrors (0ms)
			InitializePlatformSupportModulesInManaged (6ms)
			SetLoadedEditorAssemblies (4ms)
			RefreshPlugins (0ms)
			BeforeProcessingInitializeOnLoad (23ms)
			ProcessInitializeOnLoadAttributes (136ms)
			ProcessInitializeOnLoadMethodAttributes (19ms)
			AfterProcessingInitializeOnLoad (2ms)
			EditorAssembliesLoaded (0ms)
		ExecutionOrderSort2 (0ms)
		AwakeInstancesAfterBackupRestoration (12ms)
Launched and connected shader compiler UnityShaderCompiler.exe after 0.06 seconds
Refreshing native plugins compatible for Editor in 0.00 ms, found 0 plugins.
Preloading 0 native plugins for Editor in 0.00 ms.
Unloading 6 Unused Serialized files (Serialized files now loaded: 0)
Unloading 3 unused Assets / (39.8 KB). Loaded Objects now: 479.
Memory consumption went from 46.0 MB to 45.9 MB.
Total: 4.369800 ms (FindLiveObjects: 0.047700 ms CreateObjectMapping: 0.005000 ms MarkObjects: 4.238700 ms  DeleteObjects: 0.077100 ms)

AssetImportParameters requested are different than current active one (requested -> active):
  custom:video-decoder-ogg-theora: a1e56fd34408186e4bbccfd4996cb3dc -> 
  custom:container-muxer-webm: aa71ff27fc2769a1b78a27578f13a17b -> 
  custom:container-demuxer-webm: 4f35f7cbe854078d1ac9338744f61a02 -> 
  custom:video-encoder-webm-vp8: eb34c28f22e8b96e1ab97ce403110664 -> 
  custom:audio-encoder-webm-vorbis: bf7c407c2cedff20999df2af8eb42d56 -> 
  custom:framework-win-MediaFoundation: 216162199b28c13a410421893ffa2e32 -> 
  custom:container-demuxer-ogg: 62fdf1f143b41e24485cea50d1cbac27 -> 
  custom:video-decoder-webm-vp8: 9c59270c3fd7afecdb556c50c9e8de78 -> 
  custom:audio-decoder-ogg-vorbis: bf7c407c2cedff20999df2af8eb42d56 -> 
  custom:AudioImporter_EditorPlatform: d09bf68614088b80899f8185d706f6e7 -> 
========================================================================
Received Import Request.
  Time since last request: 96616.596193 seconds.
  path: Assets/Materiais
  artifactKey: Guid(2b8d1d230191d481caf34af5c92e586f) Importer(815301076,1909f56bfc062723c751e8b465ee728b)
Start importing Assets/Materiais using Guid(2b8d1d230191d481caf34af5c92e586f) Importer(815301076,1909f56bfc062723c751e8b465ee728b)  -> (artifact id: 'a742a9b29521abce535e1ba6e0347623') in 0.003387 seconds
Number of updated asset objects reloaded before import = 0
Number of asset objects unloaded after import = 0
========================================================================
Received Import Request.
  Time since last request: 5.979971 seconds.
  path: Assets/Modelos3D/Construcoes/Apartamentos_Destruido_02.fbx
  artifactKey: Guid(5b0d29d4e03b0244283784fb8096dd72) Importer(815301076,1909f56bfc062723c751e8b465ee728b)
Start importing Assets/Modelos3D/Construcoes/Apartamentos_Destruido_02.fbx using Guid(5b0d29d4e03b0244283784fb8096dd72) Importer(815301076,1909f56bfc062723c751e8b465ee728b)  -> (artifact id: '89a256e8d1b61c402fba6e9e0873c5af') in 0.502569 seconds
Number of updated asset objects reloaded before import = 0
Number of asset objects unloaded after import = 17
========================================================================
Received Import Request.
  Time since last request: 0.000027 seconds.
  path: Assets/Modelos3D/Construcoes/Hospital_Entrada.fbx
  artifactKey: Guid(8bd5db31b8ddce4449d18baca5f9896f) Importer(815301076,1909f56bfc062723c751e8b465ee728b)
Start importing Assets/Modelos3D/Construcoes/Hospital_Entrada.fbx using Guid(8bd5db31b8ddce4449d18baca5f9896f) Importer(815301076,1909f56bfc062723c751e8b465ee728b)  -> (artifact id: '9a1199de873cc810ce3c729a86832922') in 0.018733 seconds
Number of updated asset objects reloaded before import = 0
Number of asset objects unloaded after import = 12
========================================================================
Received Import Request.
  Time since last request: 0.000023 seconds.
  path: Assets/Modelos3D/Construcoes/Predio_Comercial_Destruido_02.fbx
  artifactKey: Guid(73cdc8fc59604ff45b4dc907d6e6cbef) Importer(815301076,1909f56bfc062723c751e8b465ee728b)
Start importing Assets/Modelos3D/Construcoes/Predio_Comercial_Destruido_02.fbx using Guid(73cdc8fc59604ff45b4dc907d6e6cbef) Importer(815301076,1909f56bfc062723c751e8b465ee728b)  -> (artifact id: '208f6a31707faaf67177e469997e947d') in 0.017263 seconds
Number of updated asset objects reloaded before import = 0
Number of asset objects unloaded after import = 12
========================================================================
Received Import Request.
  Time since last request: 0.000014 seconds.
  path: Assets/Modelos3D/Construcoes/Predio_Comercial_Destruido_06.fbx
  artifactKey: Guid(b067c34b0a8db684e898a4215599ef93) Importer(815301076,1909f56bfc062723c751e8b465ee728b)
Start importing Assets/Modelos3D/Construcoes/Predio_Comercial_Destruido_06.fbx using Guid(b067c34b0a8db684e898a4215599ef93) Importer(815301076,1909f56bfc062723c751e8b465ee728b)  -> (artifact id: 'f378552b85f0325df0272b075648fef3') in 0.018097 seconds
Number of updated asset objects reloaded before import = 0
Number of asset objects unloaded after import = 12
========================================================================
Received Import Request.
  Time since last request: 0.000022 seconds.
  path: Assets/Modelos3D/Construcoes/Casa_Pequena_Destruido_02.fbx
  artifactKey: Guid(fd2cbe126d4ce004c94709edaf9cd28e) Importer(815301076,1909f56bfc062723c751e8b465ee728b)
Start importing Assets/Modelos3D/Construcoes/Casa_Pequena_Destruido_02.fbx using Guid(fd2cbe126d4ce004c94709edaf9cd28e) Importer(815301076,1909f56bfc062723c751e8b465ee728b)  -> (artifact id: 'a494e37c6546d215273f6ccef993551b') in 0.020713 seconds
Number of updated asset objects reloaded before import = 0
Number of asset objects unloaded after import = 12
========================================================================
Received Import Request.
  Time since last request: 0.000014 seconds.
  path: Assets/Modelos3D/Construcoes/Casa_Pequena_Destruido_04.fbx
  artifactKey: Guid(d2e0696861e4e584e9b83c7a7f08bc53) Importer(815301076,1909f56bfc062723c751e8b465ee728b)
Start importing Assets/Modelos3D/Construcoes/Casa_Pequena_Destruido_04.fbx using Guid(d2e0696861e4e584e9b83c7a7f08bc53) Importer(815301076,1909f56bfc062723c751e8b465ee728b)  -> (artifact id: '516cea86b0fb4b09c01675baa055975b') in 0.016402 seconds
Number of updated asset objects reloaded before import = 0
Number of asset objects unloaded after import = 12
========================================================================
Received Import Request.
  Time since last request: 0.000018 seconds.
  path: Assets/Modelos3D/Construcoes/Casa_Destruido_01.fbx
  artifactKey: Guid(64b448a34782e2f4ebfa0551cad3c444) Importer(815301076,1909f56bfc062723c751e8b465ee728b)
Start importing Assets/Modelos3D/Construcoes/Casa_Destruido_01.fbx using Guid(64b448a34782e2f4ebfa0551cad3c444) Importer(815301076,1909f56bfc062723c751e8b465ee728b)  -> (artifact id: 'c25a5c4bf56287482beed2b69e5cf8a4') in 0.017177 seconds
Number of updated asset objects reloaded before import = 0
Number of asset objects unloaded after import = 12
========================================================================
Received Import Request.
  Time since last request: 0.000018 seconds.
  path: Assets/Modelos3D/Construcoes/Loja_Destruido_02.fbx
  artifactKey: Guid(82ef6a514637d064990b77c58a0444a7) Importer(815301076,1909f56bfc062723c751e8b465ee728b)
Start importing Assets/Modelos3D/Construcoes/Loja_Destruido_02.fbx using Guid(82ef6a514637d064990b77c58a0444a7) Importer(815301076,1909f56bfc062723c751e8b465ee728b)  -> (artifact id: '3f804c1590cfeed65433fff2e0884da2') in 0.029271 seconds
Number of updated asset objects reloaded before import = 0
Number of asset objects unloaded after import = 17
========================================================================
Received Import Request.
  Time since last request: 0.000022 seconds.
  path: Assets/Modelos3D/Construcoes/Casa_Media_Destruido_02.fbx
  artifactKey: Guid(d6e09581ac17b344cadd878fd0b55fb1) Importer(815301076,1909f56bfc062723c751e8b465ee728b)
Start importing Assets/Modelos3D/Construcoes/Casa_Media_Destruido_02.fbx using Guid(d6e09581ac17b344cadd878fd0b55fb1) Importer(815301076,1909f56bfc062723c751e8b465ee728b)  -> (artifact id: 'fb135ab9e3f77e5bab992a1f96e5d19d') in 0.021934 seconds
Number of updated asset objects reloaded before import = 0
Number of asset objects unloaded after import = 17
========================================================================
Received Import Request.
  Time since last request: 0.000021 seconds.
  path: Assets/Modelos3D/Construcoes/Cafeteria_Destruido.fbx
  artifactKey: Guid(fb05055bdf7d393469f036a23dbcc0f7) Importer(815301076,1909f56bfc062723c751e8b465ee728b)
Start importing Assets/Modelos3D/Construcoes/Cafeteria_Destruido.fbx using Guid(fb05055bdf7d393469f036a23dbcc0f7) Importer(815301076,1909f56bfc062723c751e8b465ee728b)  -> (artifact id: 'b156e5b15bdff0f5fa912b5c0cf5317c') in 0.016553 seconds
Number of updated asset objects reloaded before import = 0
Number of asset objects unloaded after import = 12
========================================================================
Received Import Request.
  Time since last request: 0.000015 seconds.
  path: Assets/Modelos3D/Construcoes/Casa_Destruido_02.fbx
  artifactKey: Guid(7bcc93c8b02ea7842867283faba505ac) Importer(815301076,1909f56bfc062723c751e8b465ee728b)
Start importing Assets/Modelos3D/Construcoes/Casa_Destruido_02.fbx using Guid(7bcc93c8b02ea7842867283faba505ac) Importer(815301076,1909f56bfc062723c751e8b465ee728b)  -> (artifact id: '01dce5d594c867fde735b69c7a53965f') in 0.019008 seconds
Number of updated asset objects reloaded before import = 0
Number of asset objects unloaded after import = 12
========================================================================
Received Import Request.
  Time since last request: 0.000017 seconds.
  path: Assets/Modelos3D/Construcoes/GaleriaDeLojas_Destruido.fbx
  artifactKey: Guid(c006577ec5ad7d9479857dd229e902dd) Importer(815301076,1909f56bfc062723c751e8b465ee728b)
Start importing Assets/Modelos3D/Construcoes/GaleriaDeLojas_Destruido.fbx using Guid(c006577ec5ad7d9479857dd229e902dd) Importer(815301076,1909f56bfc062723c751e8b465ee728b)  -> (artifact id: '29a4239678905434578ca354bacb138d') in 0.024970 seconds
Number of updated asset objects reloaded before import = 0
Number of asset objects unloaded after import = 17
========================================================================
Received Import Request.
  Time since last request: 0.000018 seconds.
  path: Assets/Modelos3D/Construcoes/Loja_Destruido_07.fbx
  artifactKey: Guid(4b67c214b804be1468198de7ca29c53d) Importer(815301076,1909f56bfc062723c751e8b465ee728b)
Start importing Assets/Modelos3D/Construcoes/Loja_Destruido_07.fbx using Guid(4b67c214b804be1468198de7ca29c53d) Importer(815301076,1909f56bfc062723c751e8b465ee728b)  -> (artifact id: 'c2f73426558f93b92854ebe15e8f7c54') in 0.023236 seconds
Number of updated asset objects reloaded before import = 0
Number of asset objects unloaded after import = 17
========================================================================
Received Import Request.
  Time since last request: 0.000030 seconds.
  path: Assets/Modelos3D/Construcoes/Hotel_Placa.fbx
  artifactKey: Guid(657938e38744f3944b9cd40b23129791) Importer(815301076,1909f56bfc062723c751e8b465ee728b)
Start importing Assets/Modelos3D/Construcoes/Hotel_Placa.fbx using Guid(657938e38744f3944b9cd40b23129791) Importer(815301076,1909f56bfc062723c751e8b465ee728b)  -> (artifact id: 'f03b043fff54ea59f3681e277a99f86b') in 0.017467 seconds
Number of updated asset objects reloaded before import = 0
Number of asset objects unloaded after import = 12
========================================================================
Received Import Request.
  Time since last request: 0.000022 seconds.
  path: Assets/Modelos3D/Construcoes/Hotel_Estacionamento_Destruido.fbx
  artifactKey: Guid(b1774bd68b7e19545aa0aa03f5d6a8ec) Importer(815301076,1909f56bfc062723c751e8b465ee728b)
Start importing Assets/Modelos3D/Construcoes/Hotel_Estacionamento_Destruido.fbx using Guid(b1774bd68b7e19545aa0aa03f5d6a8ec) Importer(815301076,1909f56bfc062723c751e8b465ee728b)  -> (artifact id: 'bf5419ee9315b0b4edc159277ba9a8ce') in 0.008806 seconds
Number of updated asset objects reloaded before import = 0
Number of asset objects unloaded after import = 7
========================================================================
Received Import Request.
  Time since last request: 0.000030 seconds.
  path: Assets/Modelos3D/Construcoes/Apartamentos_Grande_Destruido_01.fbx
  artifactKey: Guid(04aa6e58563c66849a09813d4ad0700a) Importer(815301076,1909f56bfc062723c751e8b465ee728b)
Start importing Assets/Modelos3D/Construcoes/Apartamentos_Grande_Destruido_01.fbx using Guid(04aa6e58563c66849a09813d4ad0700a) Importer(815301076,1909f56bfc062723c751e8b465ee728b)  -> (artifact id: '5284fd32ed0ecd223a1ccf2e061d7d85') in 0.023338 seconds
Number of updated asset objects reloaded before import = 0
Number of asset objects unloaded after import = 17
========================================================================
Received Import Request.
  Time since last request: 0.000015 seconds.
  path: Assets/Modelos3D/Construcoes/Loja_Destruido_03.fbx
  artifactKey: Guid(2ce60af90d5bc3b458345e37f3282e54) Importer(815301076,1909f56bfc062723c751e8b465ee728b)
Start importing Assets/Modelos3D/Construcoes/Loja_Destruido_03.fbx using Guid(2ce60af90d5bc3b458345e37f3282e54) Importer(815301076,1909f56bfc062723c751e8b465ee728b)  -> (artifact id: '6d9e9959b7f85938b515e0dd3c9449eb') in 0.023952 seconds
Number of updated asset objects reloaded before import = 0
Number of asset objects unloaded after import = 17
========================================================================
Received Import Request.
  Time since last request: 0.000018 seconds.
  path: Assets/Modelos3D/Construcoes/Casa_Alta_Destruido_02.fbx
  artifactKey: Guid(54d965780fdd2d143ad88b2f34bdaaa5) Importer(815301076,1909f56bfc062723c751e8b465ee728b)
Start importing Assets/Modelos3D/Construcoes/Casa_Alta_Destruido_02.fbx using Guid(54d965780fdd2d143ad88b2f34bdaaa5) Importer(815301076,1909f56bfc062723c751e8b465ee728b)  -> (artifact id: 'e32ea7f4d0bb5db8fcdc6d2151e65c5e') in 0.022920 seconds
Number of updated asset objects reloaded before import = 0
Number of asset objects unloaded after import = 17
========================================================================
Received Import Request.
  Time since last request: 73.466978 seconds.
  path: Assets/Modelos3D/Construcoes/Predio_Comercial_Destruido_08.fbx
  artifactKey: Guid(b343ab44dadde784ea46cf045aa20e4a) Importer(815301076,1909f56bfc062723c751e8b465ee728b)
Start importing Assets/Modelos3D/Construcoes/Predio_Comercial_Destruido_08.fbx using Guid(b343ab44dadde784ea46cf045aa20e4a) Importer(815301076,1909f56bfc062723c751e8b465ee728b)  -> (artifact id: 'fa9d9116aaf8401cc502b8050cc1f1f2') in 0.016474 seconds
Number of updated asset objects reloaded before import = 0
Number of asset objects unloaded after import = 12
========================================================================
Received Import Request.
  Time since last request: 0.000106 seconds.
  path: Assets/Modelos3D/Construcoes/Predio_Destruido_04.fbx
  artifactKey: Guid(b2fbafca93c599a4ea713c346cecd3f8) Importer(815301076,1909f56bfc062723c751e8b465ee728b)
Start importing Assets/Modelos3D/Construcoes/Predio_Destruido_04.fbx using Guid(b2fbafca93c599a4ea713c346cecd3f8) Importer(815301076,1909f56bfc062723c751e8b465ee728b)  -> (artifact id: '83a321c954495fdbc227c3ff9b7e9bc5') in 0.018351 seconds
Number of updated asset objects reloaded before import = 0
Number of asset objects unloaded after import = 12
========================================================================
Received Import Request.
  Time since last request: 0.000021 seconds.
  path: Assets/Modelos3D/Construcoes/Trailer_Destruido.fbx
  artifactKey: Guid(8026222f337b8a04e9d9e463fe647931) Importer(815301076,1909f56bfc062723c751e8b465ee728b)
Start importing Assets/Modelos3D/Construcoes/Trailer_Destruido.fbx using Guid(8026222f337b8a04e9d9e463fe647931) Importer(815301076,1909f56bfc062723c751e8b465ee728b)  -> (artifact id: '0a244796037ed8ffac100968abf71a3c') in 0.014635 seconds
Number of updated asset objects reloaded before import = 0
Number of asset objects unloaded after import = 7
========================================================================
Received Import Request.
  Time since last request: 0.000039 seconds.
  path: Assets/Modelos3D/Construcoes/Predio_Destruido_01.fbx
  artifactKey: Guid(dd938844ff7284f4bb7895d5fb90913b) Importer(815301076,1909f56bfc062723c751e8b465ee728b)
Start importing Assets/Modelos3D/Construcoes/Predio_Destruido_01.fbx using Guid(dd938844ff7284f4bb7895d5fb90913b) Importer(815301076,1909f56bfc062723c751e8b465ee728b)  -> (artifact id: '20dbb474f38bf7b15c0857e74ea32ef1') in 0.017924 seconds
Number of updated asset objects reloaded before import = 0
Number of asset objects unloaded after import = 12
========================================================================
Received Import Request.
  Time since last request: 0.000067 seconds.
  path: Assets/Modelos3D/Construcoes/Restaurante_Destruido.fbx
  artifactKey: Guid(82fa5e123900c464ea14c0753dc38631) Importer(815301076,1909f56bfc062723c751e8b465ee728b)
Start importing Assets/Modelos3D/Construcoes/Restaurante_Destruido.fbx using Guid(82fa5e123900c464ea14c0753dc38631) Importer(815301076,1909f56bfc062723c751e8b465ee728b)  -> (artifact id: '411e67071def514b1c7b508886ef323a') in 0.017969 seconds
Number of updated asset objects reloaded before import = 0
Number of asset objects unloaded after import = 12
========================================================================
Received Import Request.
  Time since last request: 0.000020 seconds.
  path: Assets/Modelos3D/Construcoes/Predio_Destruido_03.fbx
  artifactKey: Guid(803cefe7f62e4f0469cacd0b01850be8) Importer(815301076,1909f56bfc062723c751e8b465ee728b)
Start importing Assets/Modelos3D/Construcoes/Predio_Destruido_03.fbx using Guid(803cefe7f62e4f0469cacd0b01850be8) Importer(815301076,1909f56bfc062723c751e8b465ee728b)  -> (artifact id: 'bba81e22c216a17dc6091fd687a8c450') in 0.024344 seconds
Number of updated asset objects reloaded before import = 0
Number of asset objects unloaded after import = 12
========================================================================
Received Import Request.
  Time since last request: 0.000024 seconds.
  path: Assets/Modelos3D/Construcoes/Predio_Destruido_02.fbx
  artifactKey: Guid(5a8685150ecdc344293810a8541df82d) Importer(815301076,1909f56bfc062723c751e8b465ee728b)
Start importing Assets/Modelos3D/Construcoes/Predio_Destruido_02.fbx using Guid(5a8685150ecdc344293810a8541df82d) Importer(815301076,1909f56bfc062723c751e8b465ee728b)  -> (artifact id: '394c7f2e268a79a7027f647cff85e476') in 0.021531 seconds
Number of updated asset objects reloaded before import = 0
Number of asset objects unloaded after import = 12
========================================================================
Received Import Request.
  Time since last request: 0.000016 seconds.
  path: Assets/Modelos3D/Construcoes/Trailer_Estacionado_Destruido.fbx
  artifactKey: Guid(80ed5f4fafa3ea54592d126b5b39e5eb) Importer(815301076,1909f56bfc062723c751e8b465ee728b)
Start importing Assets/Modelos3D/Construcoes/Trailer_Estacionado_Destruido.fbx using Guid(80ed5f4fafa3ea54592d126b5b39e5eb) Importer(815301076,1909f56bfc062723c751e8b465ee728b)  -> (artifact id: '0be2a72ab22ec108138e12122e88c4c5') in 0.017972 seconds
Number of updated asset objects reloaded before import = 0
Number of asset objects unloaded after import = 12
========================================================================
Received Import Request.
  Time since last request: 0.000034 seconds.
  path: Assets/Modelos3D/Construcoes/Predio_Destruido_05.fbx
  artifactKey: Guid(02cad27fbe0839d46b3b964c35f3df7f) Importer(815301076,1909f56bfc062723c751e8b465ee728b)
Start importing Assets/Modelos3D/Construcoes/Predio_Destruido_05.fbx using Guid(02cad27fbe0839d46b3b964c35f3df7f) Importer(815301076,1909f56bfc062723c751e8b465ee728b)  -> (artifact id: 'ae3233fce0da48a71306468d09981750') in 0.023294 seconds
Number of updated asset objects reloaded before import = 0
Number of asset objects unloaded after import = 12
========================================================================
Received Import Request.
  Time since last request: 0.000025 seconds.
  path: Assets/Modelos3D/Construcoes/Torre_Agua.fbx
  artifactKey: Guid(8ed13ebf505469d4da1b35c5952b76ca) Importer(815301076,1909f56bfc062723c751e8b465ee728b)
Start importing Assets/Modelos3D/Construcoes/Torre_Agua.fbx using Guid(8ed13ebf505469d4da1b35c5952b76ca) Importer(815301076,1909f56bfc062723c751e8b465ee728b)  -> (artifact id: '54539be491e8479f3238a5f7a5bde80f') in 0.014343 seconds
Number of updated asset objects reloaded before import = 0
Number of asset objects unloaded after import = 7
========================================================================
Received Import Request.
  Time since last request: 0.000047 seconds.
  path: Assets/Modelos3D/Construcoes/Prefeitura_Destruida.fbx
  artifactKey: Guid(68253c90f4ddcc243ba8bc4d92d639e5) Importer(815301076,1909f56bfc062723c751e8b465ee728b)
Start importing Assets/Modelos3D/Construcoes/Prefeitura_Destruida.fbx using Guid(68253c90f4ddcc243ba8bc4d92d639e5) Importer(815301076,1909f56bfc062723c751e8b465ee728b)  -> (artifact id: '4c2f6d9bc958d72e343735ec080d91b9') in 0.033348 seconds
Number of updated asset objects reloaded before import = 0
Number of asset objects unloaded after import = 17
========================================================================
Received Import Request.
  Time since last request: 0.000013 seconds.
  path: Assets/Modelos3D/Construcoes/Restaurante.fbx
  artifactKey: Guid(d1d0006e20787d24794e104ac29c8e5a) Importer(815301076,1909f56bfc062723c751e8b465ee728b)
Start importing Assets/Modelos3D/Construcoes/Restaurante.fbx using Guid(d1d0006e20787d24794e104ac29c8e5a) Importer(815301076,1909f56bfc062723c751e8b465ee728b)  -> (artifact id: 'eee8858dd7c399e966cbe58f74d3b856') in 0.011122 seconds
Number of updated asset objects reloaded before import = 0
Number of asset objects unloaded after import = 7
Editor requested this worker to shutdown with reason: Scaling down because of idle timeout
TcpMessagingSession - receive error: operation aborted. errorcode: 995, details: A operação de E/S foi anulada devido a uma saída de thread ou a uma requisição de aplicativo.
AssetImportWorker is now disconnected from the server
Process exiting
Exiting without the bug reporter. Application will terminate with return code 0